Dream_outlet-master/app/build/intermediates/manifest_merge_blame_file/debug/manifest-merger-blame-debug-report.txt
1<?xml version="1.0" encoding="utf-8"?>
2<manifest xmlns:android="http://schemas.android.com/apk/res/android"
3    package="com.example.ecommerce"
4    android:versionCode="1"
5    android:versionName="1.0" >
6
7    <uses-sdk
8        android:minSdkVersion="16"
8-->src\main\AndroidManifest.xml
9        android:targetSdkVersion="29" />
9-->src\main\AndroidManifest.xml
10
11    <!--
12         The ACCESS_COARSE/FINE_LOCATION permissions are not required to use
13         Google Maps Android API v2, but you must specify either coarse or fine
14         location permissions for the "MyLocation" functionality.
15    -->
16    <uses-permission android:name="android.permission.ACCESS_FINE_LOCATION" />
16-->src\main\AndroidManifest.xml:10:5-79
16-->src\main\AndroidManifest.xml:10:22-76
17    <uses-permission android:name="android.permission.READ_EXTERNAL_STORAGE" />
17-->src\main\AndroidManifest.xml:11:5-80
17-->src\main\AndroidManifest.xml:11:22-77
18    <uses-permission android:name="android.permission.WRITE_EXTERNAL_STORAGE" />
18-->src\main\AndroidManifest.xml:12:5-81
18-->src\main\AndroidManifest.xml:12:22-78
19    <uses-permission android:name="android.permission.INTERNET" /> <!-- Include required permissions for Google Maps API to run. -->
19-->[com.firebaseui:firebase-ui-database:3.2.2] AndroidManifest.xml:11:5-67
19-->[com.firebaseui:firebase-ui-database:3.2.2] AndroidManifest.xml:11:22-64
20    <uses-permission android:name="android.permission.ACCESS_NETWORK_STATE" />
20-->[com.google.android.gms:play-services-maps:17.0.1] AndroidManifest.xml:23:5-79
20-->[com.google.android.gms:play-services-maps:17.0.1] AndroidManifest.xml:23:22-76
21
22    <uses-feature
22-->[com.google.android.gms:play-services-maps:17.0.1] AndroidManifest.xml:26:5-28:35
23        android:glEsVersion="0x00020000"
23-->[com.google.android.gms:play-services-maps:17.0.1] AndroidManifest.xml:27:9-41
24        android:required="true" />
24-->[com.google.android.gms:play-services-maps:17.0.1] AndroidManifest.xml:28:9-32
25
26    <queries>
26-->[com.google.android.gms:play-services-maps:17.0.1] AndroidManifest.xml:30:5-34:15
27
28        <!-- Needs to be explicitly declared on Android R+ -->
29        <package android:name="com.google.android.apps.maps" />
29-->[com.google.android.gms:play-services-maps:17.0.1] AndroidManifest.xml:33:9-64
29-->[com.google.android.gms:play-services-maps:17.0.1] AndroidManifest.xml:33:18-61
30    </queries>
31
32    <application
32-->src\main\AndroidManifest.xml:14:5-58:19
33        android:allowBackup="true"
33-->src\main\AndroidManifest.xml:15:9-35
34        android:appComponentFactory="androidx.core.app.CoreComponentFactory"
34-->[androidx.core:core:1.0.0] AndroidManifest.xml:22:18-86
35        android:debuggable="true"
36        android:icon="@mipmap/ic_launcher"
36-->src\main\AndroidManifest.xml:16:9-43
37        android:label="@string/app_name"
37-->src\main\AndroidManifest.xml:17:9-41
38        android:roundIcon="@mipmap/ic_launcher_round"
38-->src\main\AndroidManifest.xml:18:9-54
39        android:supportsRtl="true"
39-->src\main\AndroidManifest.xml:19:9-35
40        android:testOnly="true"
41        android:theme="@style/AppTheme" >
41-->src\main\AndroidManifest.xml:20:9-40
42
43        <!--
44             The API key for Google Maps-based APIs is defined as a string resource.
45             (See the file "res/values/google_maps_api.xml").
46             Note that the API key is linked to the encryption key used to sign the APK.
47             You need a different API key for each encryption key, including the release key that is used to
48             sign the APK for publishing.
49             You can define the keys for the debug and release targets in src/debug/ and src/release/.
50        -->
51        <meta-data
51-->src\main\AndroidManifest.xml:30:9-32:55
52            android:name="com.google.android.geo.API_KEY"
52-->src\main\AndroidManifest.xml:31:13-58
53            android:value="@string/google_maps_key" />
53-->src\main\AndroidManifest.xml:32:13-52
54
55        <activity android:name="com.example.ecommerce.ProductListActivity" />
55-->src\main\AndroidManifest.xml:34:9-57
55-->src\main\AndroidManifest.xml:34:19-54
56        <activity android:name="com.example.ecommerce.adminNewOrderActivity" />
56-->src\main\AndroidManifest.xml:35:9-59
56-->src\main\AndroidManifest.xml:35:19-56
57        <activity android:name="com.example.ecommerce.ConfirmActivity" />
57-->src\main\AndroidManifest.xml:36:9-53
57-->src\main\AndroidManifest.xml:36:19-50
58        <activity android:name="com.example.ecommerce.CartActivity" />
58-->src\main\AndroidManifest.xml:37:9-50
58-->src\main\AndroidManifest.xml:37:19-47
59        <activity android:name="com.example.ecommerce.ProductDetailActivity" />
59-->src\main\AndroidManifest.xml:38:9-59
59-->src\main\AndroidManifest.xml:38:19-56
60        <activity android:name="com.example.ecommerce.SettingsActivity" />
60-->src\main\AndroidManifest.xml:39:9-54
60-->src\main\AndroidManifest.xml:39:19-51
61        <activity
61-->src\main\AndroidManifest.xml:40:9-43:59
62            android:name="com.example.ecommerce.HomeActivity"
62-->src\main\AndroidManifest.xml:41:13-41
63            android:label="@string/title_activity_home"
63-->src\main\AndroidManifest.xml:42:13-56
64            android:theme="@style/AppTheme.NoActionBar" />
64-->src\main\AndroidManifest.xml:43:13-56
65        <activity android:name="com.example.ecommerce.Admin_AddNewProduct_Activity" />
65-->src\main\AndroidManifest.xml:44:9-66
65-->src\main\AndroidManifest.xml:44:19-63
66        <activity android:name="com.example.ecommerce.Admin_Category_Activity" />
66-->src\main\AndroidManifest.xml:45:9-61
66-->src\main\AndroidManifest.xml:45:19-58
67        <activity android:name="com.example.ecommerce.RegisterActivity" />
67-->src\main\AndroidManifest.xml:46:9-54
67-->src\main\AndroidManifest.xml:46:19-51
68        <activity android:name="com.example.ecommerce.LoginActivity" />
68-->src\main\AndroidManifest.xml:47:9-51
68-->src\main\AndroidManifest.xml:47:19-48
69        <activity android:name="com.example.ecommerce.MainActivity" >
69-->src\main\AndroidManifest.xml:48:9-54:20
69-->src\main\AndroidManifest.xml:48:19-47
70            <intent-filter>
70-->src\main\AndroidManifest.xml:49:13-53:29
71                <action android:name="android.intent.action.MAIN" />
71-->src\main\AndroidManifest.xml:50:17-69
71-->src\main\AndroidManifest.xml:50:25-66
72
73                <category android:name="android.intent.category.LAUNCHER" />
73-->src\main\AndroidManifest.xml:52:17-77
73-->src\main\AndroidManifest.xml:52:27-74
74            </intent-filter>
75        </activity>
76        <activity
76-->src\main\AndroidManifest.xml:55:9-57:59
77            android:name="com.theartofdev.edmodo.cropper.CropImageActivity"
77-->src\main\AndroidManifest.xml:56:13-76
78            android:theme="@style/Base.Theme.AppCompat" />
78-->src\main\AndroidManifest.xml:57:13-56
79        <!-- Needs to be explicitly declared on P+ -->
80        <uses-library
80-->[com.google.android.gms:play-services-maps:17.0.1] AndroidManifest.xml:39:9-41:40
81            android:name="org.apache.http.legacy"
81-->[com.google.android.gms:play-services-maps:17.0.1] AndroidManifest.xml:40:13-50
82            android:required="false" />
82-->[com.google.android.gms:play-services-maps:17.0.1] AndroidManifest.xml:41:13-37
83
84        <service
84-->[com.google.firebase:firebase-database:20.0.0] AndroidManifest.xml:29:9-35:19
85            android:name="com.google.firebase.components.ComponentDiscoveryService"
85-->[com.google.firebase:firebase-database:20.0.0] AndroidManifest.xml:30:13-84
86            android:directBootAware="true"
86-->[com.google.firebase:firebase-common:20.0.0] AndroidManifest.xml:35:13-43
87            android:exported="false" >
87-->[com.google.firebase:firebase-database:20.0.0] AndroidManifest.xml:31:13-37
88            <meta-data
88-->[com.google.firebase:firebase-database:20.0.0] AndroidManifest.xml:32:13-34:85
89                android:name="com.google.firebase.components:com.google.firebase.database.DatabaseRegistrar"
89-->[com.google.firebase:firebase-database:20.0.0] AndroidManifest.xml:33:17-109
90                android:value="com.google.firebase.components.ComponentRegistrar" />
90-->[com.google.firebase:firebase-database:20.0.0] AndroidManifest.xml:34:17-82
91            <meta-data
91-->[com.google.firebase:firebase-storage:20.0.0] AndroidManifest.xml:33:13-35:85
92                android:name="com.google.firebase.components:com.google.firebase.storage.StorageRegistrar"
92-->[com.google.firebase:firebase-storage:20.0.0] AndroidManifest.xml:34:17-107
93                android:value="com.google.firebase.components.ComponentRegistrar" />
93-->[com.google.firebase:firebase-storage:20.0.0] AndroidManifest.xml:35:17-82
94        </service>
95
96        <provider
96-->[com.squareup.picasso:picasso:2.71828] AndroidManifest.xml:8:9-11:40
97            android:name="com.squareup.picasso.PicassoProvider"
97-->[com.squareup.picasso:picasso:2.71828] AndroidManifest.xml:9:13-64
98            android:authorities="com.example.ecommerce.com.squareup.picasso"
98-->[com.squareup.picasso:picasso:2.71828] AndroidManifest.xml:10:13-72
99            android:exported="false" />
99-->[com.squareup.picasso:picasso:2.71828] AndroidManifest.xml:11:13-37
100        <provider
100-->[com.google.firebase:firebase-common:20.0.0] AndroidManifest.xml:26:9-31:39
101            android:name="com.google.firebase.provider.FirebaseInitProvider"
101-->[com.google.firebase:firebase-common:20.0.0] AndroidManifest.xml:27:13-77
102            android:authorities="com.example.ecommerce.firebaseinitprovider"
102-->[com.google.firebase:firebase-common:20.0.0] AndroidManifest.xml:28:13-72
103            android:directBootAware="true"
103-->[com.google.firebase:firebase-common:20.0.0] AndroidManifest.xml:29:13-43
104            android:exported="false"
104-->[com.google.firebase:firebase-common:20.0.0] AndroidManifest.xml:30:13-37
105            android:initOrder="100" />
105-->[com.google.firebase:firebase-common:20.0.0] AndroidManifest.xml:31:13-36
106
107        <activity
107-->[com.google.android.gms:play-services-base:17.1.0] AndroidManifest.xml:23:9-26:75
108            android:name="com.google.android.gms.common.api.GoogleApiActivity"
108-->[com.google.android.gms:play-services-base:17.1.0] AndroidManifest.xml:24:13-79
109            android:exported="false"
109-->[com.google.android.gms:play-services-base:17.1.0] AndroidManifest.xml:25:13-37
110            android:theme="@android:style/Theme.Translucent.NoTitleBar" />
110-->[com.google.android.gms:play-services-base:17.1.0] AndroidManifest.xml:26:13-72
111
112        <meta-data
112-->[com.google.android.gms:play-services-basement:17.0.0] AndroidManifest.xml:23:9-25:69
113            android:name="com.google.android.gms.version"
113-->[com.google.android.gms:play-services-basement:17.0.0] AndroidManifest.xml:24:13-58
114            android:value="@integer/google_play_services_version" />
114-->[com.google.android.gms:play-services-basement:17.0.0] AndroidManifest.xml:25:13-66
115    </application>
116
117</manifest>